---------------------------------------------------------------
[ 2018-01-28T12:00:52+08:00 ] 127.0.0.43 127.0.0.1 GET /admin/core.Admin/home_page.html
[ info ] 127.0.0.43/admin/core.Admin/home_page.html [运行时间：0.220620s][吞吐率：4.53req/s] [内存消耗：2,470.81kb] [文件加载：64]
[ info ] [ LANG ] C:\code_edd\201801\alphaCMS\thinkphp\lang\zh-cn.php
[ info ] [ ROUTE ] array (
  'type' => 'module',
  'module' => 
  array (
    0 => 'admin',
    1 => 'core.Admin',
    2 => 'home_page',
  ),
)
[ info ] [ HEADER ] array (
  'cookie' => 'PHPSESSID=ehm7p2i45p03rh2cpesd3k17k2; UID=juy%3DQ',
  'accept-language' => 'zh-CN,zh;q=0.9',
  'accept-encoding' => 'gzip, deflate, br',
  'referer' => 'http://127.0.0.43/admin/core.Index/index.html',
  'accept' => 'text/html,application/xhtml+xml,application/xml;q=0.9,image/webp,image/apng,*/*;q=0.8',
  'user-agent' => 'Mozilla/5.0 (Windows NT 10.0; Win64; x64) AppleWebKit/537.36 (KHTML, like Gecko) Chrome/63.0.3239.132 Safari/537.36',
  'upgrade-insecure-requests' => '1',
  'connection' => 'close',
  'host' => '127.0.0.43',
)
[ info ] [ PARAM ] array (
  '/admin/core_Admin/home_page_html' => '',
)
[ info ] [ SESSION ] INIT array (
  'id' => '',
  'var_session_id' => '',
  'prefix' => 'think',
  'type' => '',
  'auto_start' => true,
)
[ info ] [ DB ] INIT mysql
[ info ] [ RUN ] app\admin\controller\core\Admin->home_page[ C:\code_edd\201801\alphaCMS\app\admin\controller\core\Admin.php ]
[ info ] [ VIEW ] C:\code_edd\201801\alphaCMS/app/admin\view\core\admin\home_page.html [ array (
  0 => 'title',
  1 => 'tab_1',
  2 => 'tab_2',
  3 => 'dataArr',
  4 => 'pages',
  5 => 'dataNums',
  6 => 'get',
  7 => 'role_list',
) ]
[ info ] [ LOG ] INIT File
[ sql ] [ DB ] CONNECT:[ UseTime:0.000739s ] mysql:dbname=alphacms;host=127.0.0.1;port=3306;charset=utf8
[ sql ] [ SQL ] SHOW COLUMNS FROM `edd_users` [ RunTime:0.017228s ]
[ sql ] [ SQL ] SELECT * FROM `edd_users` WHERE  `id` = 1 LIMIT 1 [ RunTime:0.000498s ]
[ sql ] [ SQL ] SELECT COUNT(*) AS tp_count FROM `edd_users` LIMIT 1 [ RunTime:0.000210s ]
[ sql ] [ SQL ] SELECT * FROM `edd_users` ORDER BY id desc LIMIT 0,20 [ RunTime:0.000268s ]
[ sql ] [ SQL ] SHOW COLUMNS FROM `edd_role` [ RunTime:0.012671s ]
[ sql ] [ SQL ] SELECT * FROM `edd_role` ORDER BY create_time desc [ RunTime:0.000348s ]
[ sql ] [ SQL ] SELECT `name` FROM `edd_users` `u` INNER JOIN `edd_role_user` `ra` ON `ra`.`user_id`=`u`.`id` INNER JOIN `edd_role` `r` ON `r`.`id`=`ra`.`role_id` WHERE  `ra`.`user_id` = 1 LIMIT 1 [ RunTime:0.000475s ]
