---------------------------------------------------------------
[ 2018-01-28T12:00:16+08:00 ] 127.0.0.43 127.0.0.1 GET /home/v1.one/change
[ info ] 127.0.0.43/home/v1.one/change [运行时间：0.038420s][吞吐率：26.03req/s] [内存消耗：2,032.03kb] [文件加载：57]
[ info ] [ LANG ] C:\code_edd\201801\alphaCMS\thinkphp\lang\zh-cn.php
[ info ] [ ROUTE ] array (
  'type' => 'module',
  'module' => 
  array (
    0 => 'home',
    1 => 'v1.one',
    2 => 'change',
  ),
)
[ info ] [ HEADER ] array (
  'connection' => 'close',
  'accept-encoding' => 'gzip, deflate',
  'host' => '127.0.0.43',
  'accept' => '*/*',
  'user-agent' => 'PostmanRuntime/6.4.1',
  'content-type' => 'application/x-www-form-urlencoded',
  'postman-token' => '65aacf60-9f4f-4fd0-8c6b-b9ae2c9bfb0f',
  'cache-control' => 'no-cache',
)
[ info ] [ PARAM ] array (
  '/home/v1_one/change' => '',
)
[ info ] [ DB ] INIT mysql
[ info ] [ RUN ] app\home\controller\v1\One->change[ C:\code_edd\201801\alphaCMS\app\home\controller\v1\One.php ]
[ info ] [ LOG ] INIT File
[ sql ] [ DB ] CONNECT:[ UseTime:0.001627s ] mysql:dbname=alphacms;host=127.0.0.1;port=3306;charset=utf8
[ sql ] [ SQL ] SHOW COLUMNS FROM `edd_options` [ RunTime:0.012156s ]
[ sql ] [ SQL ] SELECT `is_close` FROM `edd_options` WHERE  `option_id` = 6 LIMIT 1 [ RunTime:0.000389s ]
[ notice ] in_array() expects parameter 2 to be array, integer given[C:\code_edd\201801\alphaCMS\app\home\service\OneService.php:17]
---------------------------------------------------------------
[ 2018-01-28T12:01:58+08:00 ] 127.0.0.43 127.0.0.1 GET /home/v1.one/change
[ info ] 127.0.0.43/home/v1.one/change [运行时间：0.042614s][吞吐率：23.47req/s] [内存消耗：2,031.62kb] [文件加载：57]
[ info ] [ LANG ] C:\code_edd\201801\alphaCMS\thinkphp\lang\zh-cn.php
[ info ] [ ROUTE ] array (
  'type' => 'module',
  'module' => 
  array (
    0 => 'home',
    1 => 'v1.one',
    2 => 'change',
  ),
)
[ info ] [ HEADER ] array (
  'connection' => 'close',
  'accept-encoding' => 'gzip, deflate',
  'host' => '127.0.0.43',
  'accept' => '*/*',
  'user-agent' => 'PostmanRuntime/6.4.1',
  'content-type' => 'application/x-www-form-urlencoded',
  'postman-token' => '63983268-6f97-4f7f-8720-afd22a21a0c7',
  'cache-control' => 'no-cache',
)
[ info ] [ PARAM ] array (
  '/home/v1_one/change' => '',
)
[ info ] [ DB ] INIT mysql
[ info ] [ RUN ] app\home\controller\v1\One->change[ C:\code_edd\201801\alphaCMS\app\home\controller\v1\One.php ]
[ info ] [ LOG ] INIT File
[ sql ] [ DB ] CONNECT:[ UseTime:0.010631s ] mysql:dbname=alphacms;host=127.0.0.1;port=3306;charset=utf8
[ sql ] [ SQL ] SHOW COLUMNS FROM `edd_options` [ RunTime:0.011363s ]
[ sql ] [ SQL ] SELECT `is_close` FROM `edd_options` WHERE  `option_id` = 6 LIMIT 1 [ RunTime:0.000185s ]
[ notice ] in_array() expects parameter 2 to be array, integer given[C:\code_edd\201801\alphaCMS\app\home\service\OneService.php:17]
---------------------------------------------------------------
[ 2018-01-28T12:02:14+08:00 ] 127.0.0.43 127.0.0.1 GET /home/v1.one/change
[ info ] 127.0.0.43/home/v1.one/change [运行时间：0.031163s][吞吐率：32.09req/s] [内存消耗：2,027.59kb] [文件加载：56]
[ info ] [ LANG ] C:\code_edd\201801\alphaCMS\thinkphp\lang\zh-cn.php
[ info ] [ ROUTE ] array (
  'type' => 'module',
  'module' => 
  array (
    0 => 'home',
    1 => 'v1.one',
    2 => 'change',
  ),
)
[ info ] [ HEADER ] array (
  'connection' => 'close',
  'accept-encoding' => 'gzip, deflate',
  'host' => '127.0.0.43',
  'accept' => '*/*',
  'user-agent' => 'PostmanRuntime/6.4.1',
  'content-type' => 'application/x-www-form-urlencoded',
  'postman-token' => '4a4a8158-7000-455b-b06d-d6518e4b0575',
  'cache-control' => 'no-cache',
)
[ info ] [ PARAM ] array (
  '/home/v1_one/change' => '',
)
[ info ] [ DB ] INIT mysql
[ info ] [ RUN ] app\home\controller\v1\One->change[ C:\code_edd\201801\alphaCMS\app\home\controller\v1\One.php ]
[ info ] [ LOG ] INIT File
[ sql ] [ DB ] CONNECT:[ UseTime:0.000745s ] mysql:dbname=alphacms;host=127.0.0.1;port=3306;charset=utf8
[ sql ] [ SQL ] SHOW COLUMNS FROM `edd_options` [ RunTime:0.010932s ]
[ sql ] [ SQL ] SELECT `is_close` FROM `edd_options` WHERE  `option_id` = 6 LIMIT 1 [ RunTime:0.000368s ]
[ notice ] 不为数组[C:\code_edd\201801\alphaCMS\app\home\service\OneService.php:18]
---------------------------------------------------------------
[ 2018-01-28T12:02:24+08:00 ] 127.0.0.43 127.0.0.1 GET /home/v1.one/change
[ info ] 127.0.0.43/home/v1.one/change [运行时间：0.036729s][吞吐率：27.23req/s] [内存消耗：2,106.21kb] [文件加载：58]
[ info ] [ LANG ] C:\code_edd\201801\alphaCMS\thinkphp\lang\zh-cn.php
[ info ] [ ROUTE ] array (
  'type' => 'module',
  'module' => 
  array (
    0 => 'home',
    1 => 'v1.one',
    2 => 'change',
  ),
)
[ info ] [ HEADER ] array (
  'connection' => 'close',
  'accept-encoding' => 'gzip, deflate',
  'host' => '127.0.0.43',
  'accept' => '*/*',
  'user-agent' => 'PostmanRuntime/6.4.1',
  'content-type' => 'application/x-www-form-urlencoded',
  'postman-token' => '9c33f510-6f5f-4421-8b16-ab7d16c07068',
  'cache-control' => 'no-cache',
)
[ info ] [ PARAM ] array (
  '/home/v1_one/change' => '',
)
[ info ] [ DB ] INIT mysql
[ info ] [ RUN ] app\home\controller\v1\One->change[ C:\code_edd\201801\alphaCMS\app\home\controller\v1\One.php ]
[ info ] [ LOG ] INIT File
[ sql ] [ DB ] CONNECT:[ UseTime:0.000790s ] mysql:dbname=alphacms;host=127.0.0.1;port=3306;charset=utf8
[ sql ] [ SQL ] SHOW COLUMNS FROM `edd_options` [ RunTime:0.011727s ]
[ sql ] [ SQL ] SELECT `is_close` FROM `edd_options` WHERE  `option_id` = 6 LIMIT 1 [ RunTime:0.000223s ]
[ error ] [0]语法解析错误: syntax error, unexpected 'if' (T_IF)[C:\code_edd\201801\alphaCMS\app\home\service\OneService.php:19]
