---------------------------------------------------------------
[ 2018-01-29T10:43:37+08:00 ] 127.0.0.15 127.0.0.1 GET /home/v1.one/change
[ info ] 127.0.0.15/home/v1.one/change [运行时间：0.021392s][吞吐率：46.75req/s] [内存消耗：1,256.39kb] [文件加载：43]
[ info ] [ LANG ] E:\alphaCMS\thinkphp\lang\zh-cn.php
[ info ] [ ROUTE ] array (
  'type' => 'module',
  'module' => 
  array (
    0 => 'home',
    1 => 'v1.one',
    2 => 'change',
  ),
)
[ info ] [ HEADER ] array (
  'cookie' => 'UID=YqpQv',
  'accept-language' => 'zh-CN,zh;q=0.9',
  'accept-encoding' => 'gzip, deflate, br',
  'accept' => 'text/html,application/xhtml+xml,application/xml;q=0.9,image/webp,image/apng,*/*;q=0.8',
  'upgrade-insecure-requests' => '1',
  'user-agent' => 'Mozilla/5.0 (Windows NT 10.0; Win64; x64) AppleWebKit/537.36 (KHTML, like Gecko) Chrome/63.0.3239.132 Safari/537.36',
  'connection' => 'close',
  'host' => '127.0.0.15',
)
[ info ] [ PARAM ] array (
  '/home/v1_one/change' => '',
)
[ info ] [ LOG ] INIT File
---------------------------------------------------------------
[ 2018-01-29T10:44:04+08:00 ] 127.0.0.15 127.0.0.1 POST /home/v1.one/change
[ info ] 127.0.0.15/home/v1.one/change [运行时间：0.019674s][吞吐率：50.83req/s] [内存消耗：1,256.25kb] [文件加载：43]
[ info ] [ LANG ] E:\alphaCMS\thinkphp\lang\zh-cn.php
[ info ] [ ROUTE ] array (
  'type' => 'module',
  'module' => 
  array (
    0 => 'home',
    1 => 'v1.one',
    2 => 'change',
  ),
)
[ info ] [ HEADER ] array (
  'connection' => 'close',
  'content-length' => '0',
  'content-type' => 'multipart/form-data; boundary=--------------------------612251470229157409903263',
  'accept-encoding' => 'gzip, deflate',
  'host' => '127.0.0.15',
  'accept' => '*/*',
  'user-agent' => 'PostmanRuntime/6.4.1',
  'postman-token' => '26726833-eda5-4ef4-81dd-e1f089930135',
  'cache-control' => 'no-cache',
)
[ info ] [ PARAM ] array (
  '/home/v1_one/change' => '',
)
[ info ] [ LOG ] INIT File
---------------------------------------------------------------
[ 2018-01-29T10:44:38+08:00 ] 127.0.0.15 127.0.0.1 POST /home/v1.one/change
[ info ] 127.0.0.15/home/v1.one/change [运行时间：0.120901s][吞吐率：8.27req/s] [内存消耗：1,196.70kb] [文件加载：43]
[ info ] [ LANG ] E:\alphaCMS\thinkphp\lang\zh-cn.php
[ info ] [ ROUTE ] array (
  'type' => 'module',
  'module' => 
  array (
    0 => 'home',
    1 => 'v1.one',
    2 => 'change',
  ),
)
[ info ] [ HEADER ] array (
  'connection' => 'close',
  'content-length' => '0',
  'content-type' => 'multipart/form-data; boundary=--------------------------299806046895436626560285',
  'accept-encoding' => 'gzip, deflate',
  'host' => '127.0.0.15',
  'accept' => '*/*',
  'user-agent' => 'PostmanRuntime/6.4.1',
  'postman-token' => '02f3c30e-ff8a-48d7-bff4-b38ad6a8f0e1',
  'cache-control' => 'no-cache',
)
[ info ] [ PARAM ] array (
  '/home/v1_one/change' => '',
)
[ info ] [ LOG ] INIT File
---------------------------------------------------------------
[ 2018-01-29T10:45:01+08:00 ] 127.0.0.15 127.0.0.1 POST /home/v1.one/change
[ info ] 127.0.0.15/home/v1.one/change [运行时间：0.022174s][吞吐率：45.10req/s] [内存消耗：1,196.70kb] [文件加载：43]
[ info ] [ LANG ] E:\alphaCMS\thinkphp\lang\zh-cn.php
[ info ] [ ROUTE ] array (
  'type' => 'module',
  'module' => 
  array (
    0 => 'home',
    1 => 'v1.one',
    2 => 'change',
  ),
)
[ info ] [ HEADER ] array (
  'connection' => 'close',
  'content-length' => '0',
  'content-type' => 'multipart/form-data; boundary=--------------------------024157883882500082112642',
  'accept-encoding' => 'gzip, deflate',
  'host' => '127.0.0.15',
  'accept' => '*/*',
  'user-agent' => 'PostmanRuntime/6.4.1',
  'postman-token' => 'a4562b42-290a-41aa-b864-295ce0a921be',
  'cache-control' => 'no-cache',
)
[ info ] [ PARAM ] array (
  '/home/v1_one/change' => '',
)
[ info ] [ LOG ] INIT File
---------------------------------------------------------------
[ 2018-01-29T10:45:58+08:00 ] 127.0.0.15 127.0.0.1 POST /home/one/index
[ info ] 127.0.0.15/home/one/index [运行时间：0.025241s][吞吐率：39.62req/s] [内存消耗：1,196.59kb] [文件加载：43]
[ info ] [ LANG ] E:\alphaCMS\thinkphp\lang\zh-cn.php
[ info ] [ ROUTE ] array (
  'type' => 'module',
  'module' => 
  array (
    0 => 'home',
    1 => 'one',
    2 => 'index',
  ),
)
[ info ] [ HEADER ] array (
  'connection' => 'close',
  'content-length' => '0',
  'content-type' => 'multipart/form-data; boundary=--------------------------437622662993533058243318',
  'accept-encoding' => 'gzip, deflate',
  'host' => '127.0.0.15',
  'accept' => '*/*',
  'user-agent' => 'PostmanRuntime/6.4.1',
  'postman-token' => 'a3d65358-0320-4ad0-a357-03cd3731215c',
  'cache-control' => 'no-cache',
)
[ info ] [ PARAM ] array (
  '/home/one/index' => '',
)
[ info ] [ LOG ] INIT File
---------------------------------------------------------------
[ 2018-01-29T11:04:45+08:00 ] 127.0.0.15 127.0.0.1 GET /home/v1.one/change
[ info ] 127.0.0.15/home/v1.one/change [运行时间：0.025768s][吞吐率：38.81req/s] [内存消耗：1,339.83kb] [文件加载：43]
[ info ] [ LANG ] E:\alphaCMS\thinkphp\lang\zh-cn.php
[ info ] [ ROUTE ] array (
  'type' => 'module',
  'module' => 
  array (
    0 => 'home',
    1 => 'v1.one',
    2 => 'change',
  ),
)
[ info ] [ HEADER ] array (
  'cookie' => 'UID=YqpQv',
  'accept-language' => 'zh-CN,zh;q=0.9',
  'accept-encoding' => 'gzip, deflate, br',
  'accept' => 'text/html,application/xhtml+xml,application/xml;q=0.9,image/webp,image/apng,*/*;q=0.8',
  'upgrade-insecure-requests' => '1',
  'user-agent' => 'Mozilla/5.0 (Windows NT 10.0; Win64; x64) AppleWebKit/537.36 (KHTML, like Gecko) Chrome/63.0.3239.132 Safari/537.36',
  'connection' => 'close',
  'host' => '127.0.0.15',
)
[ info ] [ PARAM ] array (
  '/home/v1_one/change' => '',
)
[ info ] [ LOG ] INIT File
---------------------------------------------------------------
[ 2018-01-29T11:05:56+08:00 ] 127.0.0.15 127.0.0.1 GET /home/v1.one/change
[ info ] 127.0.0.15/home/v1.one/change [运行时间：0.029005s][吞吐率：34.48req/s] [内存消耗：1,340.38kb] [文件加载：43]
[ info ] [ LANG ] E:\alphaCMS\thinkphp\lang\zh-cn.php
[ info ] [ ROUTE ] array (
  'type' => 'module',
  'module' => 
  array (
    0 => 'home',
    1 => 'v1.one',
    2 => 'change',
  ),
)
[ info ] [ HEADER ] array (
  'cookie' => 'UID=YqpQv',
  'accept-language' => 'zh-CN,zh;q=0.9',
  'accept-encoding' => 'gzip, deflate, br',
  'accept' => 'text/html,application/xhtml+xml,application/xml;q=0.9,image/webp,image/apng,*/*;q=0.8',
  'upgrade-insecure-requests' => '1',
  'user-agent' => 'Mozilla/5.0 (Windows NT 10.0; Win64; x64) AppleWebKit/537.36 (KHTML, like Gecko) Chrome/63.0.3239.132 Safari/537.36',
  'cache-control' => 'max-age=0',
  'connection' => 'close',
  'host' => '127.0.0.15',
)
[ info ] [ PARAM ] array (
  '/home/v1_one/change' => '',
)
[ info ] [ LOG ] INIT File
---------------------------------------------------------------
[ 2018-01-29T11:05:56+08:00 ] 127.0.0.15 127.0.0.1 GET /home/v1.one/change
[ info ] 127.0.0.15/home/v1.one/change [运行时间：0.046297s][吞吐率：21.60req/s] [内存消耗：1,340.38kb] [文件加载：43]
[ info ] [ LANG ] E:\alphaCMS\thinkphp\lang\zh-cn.php
[ info ] [ ROUTE ] array (
  'type' => 'module',
  'module' => 
  array (
    0 => 'home',
    1 => 'v1.one',
    2 => 'change',
  ),
)
[ info ] [ HEADER ] array (
  'cookie' => 'UID=YqpQv',
  'accept-language' => 'zh-CN,zh;q=0.9',
  'accept-encoding' => 'gzip, deflate, br',
  'accept' => 'text/html,application/xhtml+xml,application/xml;q=0.9,image/webp,image/apng,*/*;q=0.8',
  'upgrade-insecure-requests' => '1',
  'user-agent' => 'Mozilla/5.0 (Windows NT 10.0; Win64; x64) AppleWebKit/537.36 (KHTML, like Gecko) Chrome/63.0.3239.132 Safari/537.36',
  'cache-control' => 'max-age=0',
  'connection' => 'close',
  'host' => '127.0.0.15',
)
[ info ] [ PARAM ] array (
  '/home/v1_one/change' => '',
)
[ info ] [ LOG ] INIT File
---------------------------------------------------------------
[ 2018-01-29T11:05:56+08:00 ] 127.0.0.15 127.0.0.1 GET /home/v1.one/change
[ info ] 127.0.0.15/home/v1.one/change [运行时间：0.039210s][吞吐率：25.50req/s] [内存消耗：1,340.38kb] [文件加载：43]
[ info ] [ LANG ] E:\alphaCMS\thinkphp\lang\zh-cn.php
[ info ] [ ROUTE ] array (
  'type' => 'module',
  'module' => 
  array (
    0 => 'home',
    1 => 'v1.one',
    2 => 'change',
  ),
)
[ info ] [ HEADER ] array (
  'cookie' => 'UID=YqpQv',
  'accept-language' => 'zh-CN,zh;q=0.9',
  'accept-encoding' => 'gzip, deflate, br',
  'accept' => 'text/html,application/xhtml+xml,application/xml;q=0.9,image/webp,image/apng,*/*;q=0.8',
  'upgrade-insecure-requests' => '1',
  'user-agent' => 'Mozilla/5.0 (Windows NT 10.0; Win64; x64) AppleWebKit/537.36 (KHTML, like Gecko) Chrome/63.0.3239.132 Safari/537.36',
  'cache-control' => 'max-age=0',
  'connection' => 'close',
  'host' => '127.0.0.15',
)
[ info ] [ PARAM ] array (
  '/home/v1_one/change' => '',
)
[ info ] [ LOG ] INIT File
---------------------------------------------------------------
[ 2018-01-29T11:05:56+08:00 ] 127.0.0.15 127.0.0.1 GET /home/v1.one/change
[ info ] 127.0.0.15/home/v1.one/change [运行时间：0.029651s][吞吐率：33.73req/s] [内存消耗：1,340.38kb] [文件加载：43]
[ info ] [ LANG ] E:\alphaCMS\thinkphp\lang\zh-cn.php
[ info ] [ ROUTE ] array (
  'type' => 'module',
  'module' => 
  array (
    0 => 'home',
    1 => 'v1.one',
    2 => 'change',
  ),
)
[ info ] [ HEADER ] array (
  'cookie' => 'UID=YqpQv',
  'accept-language' => 'zh-CN,zh;q=0.9',
  'accept-encoding' => 'gzip, deflate, br',
  'accept' => 'text/html,application/xhtml+xml,application/xml;q=0.9,image/webp,image/apng,*/*;q=0.8',
  'upgrade-insecure-requests' => '1',
  'user-agent' => 'Mozilla/5.0 (Windows NT 10.0; Win64; x64) AppleWebKit/537.36 (KHTML, like Gecko) Chrome/63.0.3239.132 Safari/537.36',
  'cache-control' => 'max-age=0',
  'connection' => 'close',
  'host' => '127.0.0.15',
)
[ info ] [ PARAM ] array (
  '/home/v1_one/change' => '',
)
[ info ] [ LOG ] INIT File
---------------------------------------------------------------
[ 2018-01-29T11:05:56+08:00 ] 127.0.0.15 127.0.0.1 GET /home/v1.one/change
[ info ] 127.0.0.15/home/v1.one/change [运行时间：0.038919s][吞吐率：25.69req/s] [内存消耗：1,340.38kb] [文件加载：43]
[ info ] [ LANG ] E:\alphaCMS\thinkphp\lang\zh-cn.php
[ info ] [ ROUTE ] array (
  'type' => 'module',
  'module' => 
  array (
    0 => 'home',
    1 => 'v1.one',
    2 => 'change',
  ),
)
[ info ] [ HEADER ] array (
  'cookie' => 'UID=YqpQv',
  'accept-language' => 'zh-CN,zh;q=0.9',
  'accept-encoding' => 'gzip, deflate, br',
  'accept' => 'text/html,application/xhtml+xml,application/xml;q=0.9,image/webp,image/apng,*/*;q=0.8',
  'upgrade-insecure-requests' => '1',
  'user-agent' => 'Mozilla/5.0 (Windows NT 10.0; Win64; x64) AppleWebKit/537.36 (KHTML, like Gecko) Chrome/63.0.3239.132 Safari/537.36',
  'cache-control' => 'max-age=0',
  'connection' => 'close',
  'host' => '127.0.0.15',
)
[ info ] [ PARAM ] array (
  '/home/v1_one/change' => '',
)
[ info ] [ LOG ] INIT File
---------------------------------------------------------------
[ 2018-01-29T11:05:57+08:00 ] 127.0.0.15 127.0.0.1 GET /home/v1.one/change
[ info ] 127.0.0.15/home/v1.one/change [运行时间：0.040678s][吞吐率：24.58req/s] [内存消耗：1,340.38kb] [文件加载：43]
[ info ] [ LANG ] E:\alphaCMS\thinkphp\lang\zh-cn.php
[ info ] [ ROUTE ] array (
  'type' => 'module',
  'module' => 
  array (
    0 => 'home',
    1 => 'v1.one',
    2 => 'change',
  ),
)
[ info ] [ HEADER ] array (
  'cookie' => 'UID=YqpQv',
  'accept-language' => 'zh-CN,zh;q=0.9',
  'accept-encoding' => 'gzip, deflate, br',
  'accept' => 'text/html,application/xhtml+xml,application/xml;q=0.9,image/webp,image/apng,*/*;q=0.8',
  'upgrade-insecure-requests' => '1',
  'user-agent' => 'Mozilla/5.0 (Windows NT 10.0; Win64; x64) AppleWebKit/537.36 (KHTML, like Gecko) Chrome/63.0.3239.132 Safari/537.36',
  'cache-control' => 'max-age=0',
  'connection' => 'close',
  'host' => '127.0.0.15',
)
[ info ] [ PARAM ] array (
  '/home/v1_one/change' => '',
)
[ info ] [ LOG ] INIT File
---------------------------------------------------------------
[ 2018-01-29T11:05:57+08:00 ] 127.0.0.15 127.0.0.1 GET /home/v1.one/change
[ info ] 127.0.0.15/home/v1.one/change [运行时间：0.037665s][吞吐率：26.55req/s] [内存消耗：1,340.38kb] [文件加载：43]
[ info ] [ LANG ] E:\alphaCMS\thinkphp\lang\zh-cn.php
[ info ] [ ROUTE ] array (
  'type' => 'module',
  'module' => 
  array (
    0 => 'home',
    1 => 'v1.one',
    2 => 'change',
  ),
)
[ info ] [ HEADER ] array (
  'cookie' => 'UID=YqpQv',
  'accept-language' => 'zh-CN,zh;q=0.9',
  'accept-encoding' => 'gzip, deflate, br',
  'accept' => 'text/html,application/xhtml+xml,application/xml;q=0.9,image/webp,image/apng,*/*;q=0.8',
  'upgrade-insecure-requests' => '1',
  'user-agent' => 'Mozilla/5.0 (Windows NT 10.0; Win64; x64) AppleWebKit/537.36 (KHTML, like Gecko) Chrome/63.0.3239.132 Safari/537.36',
  'cache-control' => 'max-age=0',
  'connection' => 'close',
  'host' => '127.0.0.15',
)
[ info ] [ PARAM ] array (
  '/home/v1_one/change' => '',
)
[ info ] [ LOG ] INIT File
---------------------------------------------------------------
[ 2018-01-29T11:05:57+08:00 ] 127.0.0.15 127.0.0.1 GET /home/v1.one/change
[ info ] 127.0.0.15/home/v1.one/change [运行时间：0.043123s][吞吐率：23.19req/s] [内存消耗：1,340.38kb] [文件加载：43]
[ info ] [ LANG ] E:\alphaCMS\thinkphp\lang\zh-cn.php
[ info ] [ ROUTE ] array (
  'type' => 'module',
  'module' => 
  array (
    0 => 'home',
    1 => 'v1.one',
    2 => 'change',
  ),
)
[ info ] [ HEADER ] array (
  'cookie' => 'UID=YqpQv',
  'accept-language' => 'zh-CN,zh;q=0.9',
  'accept-encoding' => 'gzip, deflate, br',
  'accept' => 'text/html,application/xhtml+xml,application/xml;q=0.9,image/webp,image/apng,*/*;q=0.8',
  'upgrade-insecure-requests' => '1',
  'user-agent' => 'Mozilla/5.0 (Windows NT 10.0; Win64; x64) AppleWebKit/537.36 (KHTML, like Gecko) Chrome/63.0.3239.132 Safari/537.36',
  'cache-control' => 'max-age=0',
  'connection' => 'close',
  'host' => '127.0.0.15',
)
[ info ] [ PARAM ] array (
  '/home/v1_one/change' => '',
)
[ info ] [ LOG ] INIT File
---------------------------------------------------------------
[ 2018-01-29T11:05:58+08:00 ] 127.0.0.15 127.0.0.1 GET /home/v1.one/change
[ info ] 127.0.0.15/home/v1.one/change [运行时间：0.039907s][吞吐率：25.06req/s] [内存消耗：1,340.38kb] [文件加载：43]
[ info ] [ LANG ] E:\alphaCMS\thinkphp\lang\zh-cn.php
[ info ] [ ROUTE ] array (
  'type' => 'module',
  'module' => 
  array (
    0 => 'home',
    1 => 'v1.one',
    2 => 'change',
  ),
)
[ info ] [ HEADER ] array (
  'cookie' => 'UID=YqpQv',
  'accept-language' => 'zh-CN,zh;q=0.9',
  'accept-encoding' => 'gzip, deflate, br',
  'accept' => 'text/html,application/xhtml+xml,application/xml;q=0.9,image/webp,image/apng,*/*;q=0.8',
  'upgrade-insecure-requests' => '1',
  'user-agent' => 'Mozilla/5.0 (Windows NT 10.0; Win64; x64) AppleWebKit/537.36 (KHTML, like Gecko) Chrome/63.0.3239.132 Safari/537.36',
  'cache-control' => 'max-age=0',
  'connection' => 'close',
  'host' => '127.0.0.15',
)
[ info ] [ PARAM ] array (
  '/home/v1_one/change' => '',
)
[ info ] [ LOG ] INIT File
---------------------------------------------------------------
[ 2018-01-29T11:05:58+08:00 ] 127.0.0.15 127.0.0.1 GET /home/v1.one/change
[ info ] 127.0.0.15/home/v1.one/change [运行时间：0.032814s][吞吐率：30.47req/s] [内存消耗：1,340.38kb] [文件加载：43]
[ info ] [ LANG ] E:\alphaCMS\thinkphp\lang\zh-cn.php
[ info ] [ ROUTE ] array (
  'type' => 'module',
  'module' => 
  array (
    0 => 'home',
    1 => 'v1.one',
    2 => 'change',
  ),
)
[ info ] [ HEADER ] array (
  'cookie' => 'UID=YqpQv',
  'accept-language' => 'zh-CN,zh;q=0.9',
  'accept-encoding' => 'gzip, deflate, br',
  'accept' => 'text/html,application/xhtml+xml,application/xml;q=0.9,image/webp,image/apng,*/*;q=0.8',
  'upgrade-insecure-requests' => '1',
  'user-agent' => 'Mozilla/5.0 (Windows NT 10.0; Win64; x64) AppleWebKit/537.36 (KHTML, like Gecko) Chrome/63.0.3239.132 Safari/537.36',
  'cache-control' => 'max-age=0',
  'connection' => 'close',
  'host' => '127.0.0.15',
)
[ info ] [ PARAM ] array (
  '/home/v1_one/change' => '',
)
[ info ] [ LOG ] INIT File
---------------------------------------------------------------
[ 2018-01-29T11:05:58+08:00 ] 127.0.0.15 127.0.0.1 GET /home/v1.one/change
[ info ] 127.0.0.15/home/v1.one/change [运行时间：0.045785s][吞吐率：21.84req/s] [内存消耗：1,340.38kb] [文件加载：43]
[ info ] [ LANG ] E:\alphaCMS\thinkphp\lang\zh-cn.php
[ info ] [ ROUTE ] array (
  'type' => 'module',
  'module' => 
  array (
    0 => 'home',
    1 => 'v1.one',
    2 => 'change',
  ),
)
[ info ] [ HEADER ] array (
  'cookie' => 'UID=YqpQv',
  'accept-language' => 'zh-CN,zh;q=0.9',
  'accept-encoding' => 'gzip, deflate, br',
  'accept' => 'text/html,application/xhtml+xml,application/xml;q=0.9,image/webp,image/apng,*/*;q=0.8',
  'upgrade-insecure-requests' => '1',
  'user-agent' => 'Mozilla/5.0 (Windows NT 10.0; Win64; x64) AppleWebKit/537.36 (KHTML, like Gecko) Chrome/63.0.3239.132 Safari/537.36',
  'cache-control' => 'max-age=0',
  'connection' => 'close',
  'host' => '127.0.0.15',
)
[ info ] [ PARAM ] array (
  '/home/v1_one/change' => '',
)
[ info ] [ LOG ] INIT File
---------------------------------------------------------------
[ 2018-01-29T11:05:58+08:00 ] 127.0.0.15 127.0.0.1 GET /home/v1.one/change
[ info ] 127.0.0.15/home/v1.one/change [运行时间：0.031628s][吞吐率：31.62req/s] [内存消耗：1,340.38kb] [文件加载：43]
[ info ] [ LANG ] E:\alphaCMS\thinkphp\lang\zh-cn.php
[ info ] [ ROUTE ] array (
  'type' => 'module',
  'module' => 
  array (
    0 => 'home',
    1 => 'v1.one',
    2 => 'change',
  ),
)
[ info ] [ HEADER ] array (
  'cookie' => 'UID=YqpQv',
  'accept-language' => 'zh-CN,zh;q=0.9',
  'accept-encoding' => 'gzip, deflate, br',
  'accept' => 'text/html,application/xhtml+xml,application/xml;q=0.9,image/webp,image/apng,*/*;q=0.8',
  'upgrade-insecure-requests' => '1',
  'user-agent' => 'Mozilla/5.0 (Windows NT 10.0; Win64; x64) AppleWebKit/537.36 (KHTML, like Gecko) Chrome/63.0.3239.132 Safari/537.36',
  'cache-control' => 'max-age=0',
  'connection' => 'close',
  'host' => '127.0.0.15',
)
[ info ] [ PARAM ] array (
  '/home/v1_one/change' => '',
)
[ info ] [ LOG ] INIT File
---------------------------------------------------------------
[ 2018-01-29T11:05:59+08:00 ] 127.0.0.15 127.0.0.1 GET /home/v1.one/change
[ info ] 127.0.0.15/home/v1.one/change [运行时间：0.046181s][吞吐率：21.65req/s] [内存消耗：1,340.38kb] [文件加载：43]
[ info ] [ LANG ] E:\alphaCMS\thinkphp\lang\zh-cn.php
[ info ] [ ROUTE ] array (
  'type' => 'module',
  'module' => 
  array (
    0 => 'home',
    1 => 'v1.one',
    2 => 'change',
  ),
)
[ info ] [ HEADER ] array (
  'cookie' => 'UID=YqpQv',
  'accept-language' => 'zh-CN,zh;q=0.9',
  'accept-encoding' => 'gzip, deflate, br',
  'accept' => 'text/html,application/xhtml+xml,application/xml;q=0.9,image/webp,image/apng,*/*;q=0.8',
  'upgrade-insecure-requests' => '1',
  'user-agent' => 'Mozilla/5.0 (Windows NT 10.0; Win64; x64) AppleWebKit/537.36 (KHTML, like Gecko) Chrome/63.0.3239.132 Safari/537.36',
  'cache-control' => 'max-age=0',
  'connection' => 'close',
  'host' => '127.0.0.15',
)
[ info ] [ PARAM ] array (
  '/home/v1_one/change' => '',
)
[ info ] [ LOG ] INIT File
---------------------------------------------------------------
[ 2018-01-29T11:05:59+08:00 ] 127.0.0.15 127.0.0.1 GET /home/v1.one/change
[ info ] 127.0.0.15/home/v1.one/change [运行时间：0.044164s][吞吐率：22.64req/s] [内存消耗：1,340.38kb] [文件加载：43]
[ info ] [ LANG ] E:\alphaCMS\thinkphp\lang\zh-cn.php
[ info ] [ ROUTE ] array (
  'type' => 'module',
  'module' => 
  array (
    0 => 'home',
    1 => 'v1.one',
    2 => 'change',
  ),
)
[ info ] [ HEADER ] array (
  'cookie' => 'UID=YqpQv',
  'accept-language' => 'zh-CN,zh;q=0.9',
  'accept-encoding' => 'gzip, deflate, br',
  'accept' => 'text/html,application/xhtml+xml,application/xml;q=0.9,image/webp,image/apng,*/*;q=0.8',
  'upgrade-insecure-requests' => '1',
  'user-agent' => 'Mozilla/5.0 (Windows NT 10.0; Win64; x64) AppleWebKit/537.36 (KHTML, like Gecko) Chrome/63.0.3239.132 Safari/537.36',
  'cache-control' => 'max-age=0',
  'connection' => 'close',
  'host' => '127.0.0.15',
)
[ info ] [ PARAM ] array (
  '/home/v1_one/change' => '',
)
[ info ] [ LOG ] INIT File
---------------------------------------------------------------
[ 2018-01-29T11:05:59+08:00 ] 127.0.0.15 127.0.0.1 GET /home/v1.one/change
[ info ] 127.0.0.15/home/v1.one/change [运行时间：0.034128s][吞吐率：29.30req/s] [内存消耗：1,340.38kb] [文件加载：43]
[ info ] [ LANG ] E:\alphaCMS\thinkphp\lang\zh-cn.php
[ info ] [ ROUTE ] array (
  'type' => 'module',
  'module' => 
  array (
    0 => 'home',
    1 => 'v1.one',
    2 => 'change',
  ),
)
[ info ] [ HEADER ] array (
  'cookie' => 'UID=YqpQv',
  'accept-language' => 'zh-CN,zh;q=0.9',
  'accept-encoding' => 'gzip, deflate, br',
  'accept' => 'text/html,application/xhtml+xml,application/xml;q=0.9,image/webp,image/apng,*/*;q=0.8',
  'upgrade-insecure-requests' => '1',
  'user-agent' => 'Mozilla/5.0 (Windows NT 10.0; Win64; x64) AppleWebKit/537.36 (KHTML, like Gecko) Chrome/63.0.3239.132 Safari/537.36',
  'cache-control' => 'max-age=0',
  'connection' => 'close',
  'host' => '127.0.0.15',
)
[ info ] [ PARAM ] array (
  '/home/v1_one/change' => '',
)
[ info ] [ LOG ] INIT File
---------------------------------------------------------------
[ 2018-01-29T11:05:59+08:00 ] 127.0.0.15 127.0.0.1 GET /home/v1.one/change
[ info ] 127.0.0.15/home/v1.one/change [运行时间：0.040156s][吞吐率：24.90req/s] [内存消耗：1,340.38kb] [文件加载：43]
[ info ] [ LANG ] E:\alphaCMS\thinkphp\lang\zh-cn.php
[ info ] [ ROUTE ] array (
  'type' => 'module',
  'module' => 
  array (
    0 => 'home',
    1 => 'v1.one',
    2 => 'change',
  ),
)
[ info ] [ HEADER ] array (
  'cookie' => 'UID=YqpQv',
  'accept-language' => 'zh-CN,zh;q=0.9',
  'accept-encoding' => 'gzip, deflate, br',
  'accept' => 'text/html,application/xhtml+xml,application/xml;q=0.9,image/webp,image/apng,*/*;q=0.8',
  'upgrade-insecure-requests' => '1',
  'user-agent' => 'Mozilla/5.0 (Windows NT 10.0; Win64; x64) AppleWebKit/537.36 (KHTML, like Gecko) Chrome/63.0.3239.132 Safari/537.36',
  'cache-control' => 'max-age=0',
  'connection' => 'close',
  'host' => '127.0.0.15',
)
[ info ] [ PARAM ] array (
  '/home/v1_one/change' => '',
)
[ info ] [ LOG ] INIT File
---------------------------------------------------------------
[ 2018-01-29T11:06:07+08:00 ] 127.0.0.15 127.0.0.1 GET /home/v1.one/change
[ info ] 127.0.0.15/home/v1.one/change [运行时间：0.037597s][吞吐率：26.60req/s] [内存消耗：1,340.38kb] [文件加载：43]
[ info ] [ LANG ] E:\alphaCMS\thinkphp\lang\zh-cn.php
[ info ] [ ROUTE ] array (
  'type' => 'module',
  'module' => 
  array (
    0 => 'home',
    1 => 'v1.one',
    2 => 'change',
  ),
)
[ info ] [ HEADER ] array (
  'cookie' => 'UID=YqpQv',
  'accept-language' => 'zh-CN,zh;q=0.9',
  'accept-encoding' => 'gzip, deflate, br',
  'accept' => 'text/html,application/xhtml+xml,application/xml;q=0.9,image/webp,image/apng,*/*;q=0.8',
  'upgrade-insecure-requests' => '1',
  'user-agent' => 'Mozilla/5.0 (Windows NT 10.0; Win64; x64) AppleWebKit/537.36 (KHTML, like Gecko) Chrome/63.0.3239.132 Safari/537.36',
  'cache-control' => 'max-age=0',
  'connection' => 'close',
  'host' => '127.0.0.15',
)
[ info ] [ PARAM ] array (
  '/home/v1_one/change' => '',
)
[ info ] [ LOG ] INIT File
---------------------------------------------------------------
[ 2018-01-29T11:06:07+08:00 ] 127.0.0.15 127.0.0.1 GET /home/v1.one/change
[ info ] 127.0.0.15/home/v1.one/change [运行时间：0.048141s][吞吐率：20.77req/s] [内存消耗：1,340.38kb] [文件加载：43]
[ info ] [ LANG ] E:\alphaCMS\thinkphp\lang\zh-cn.php
[ info ] [ ROUTE ] array (
  'type' => 'module',
  'module' => 
  array (
    0 => 'home',
    1 => 'v1.one',
    2 => 'change',
  ),
)
[ info ] [ HEADER ] array (
  'cookie' => 'UID=YqpQv',
  'accept-language' => 'zh-CN,zh;q=0.9',
  'accept-encoding' => 'gzip, deflate, br',
  'accept' => 'text/html,application/xhtml+xml,application/xml;q=0.9,image/webp,image/apng,*/*;q=0.8',
  'upgrade-insecure-requests' => '1',
  'user-agent' => 'Mozilla/5.0 (Windows NT 10.0; Win64; x64) AppleWebKit/537.36 (KHTML, like Gecko) Chrome/63.0.3239.132 Safari/537.36',
  'cache-control' => 'max-age=0',
  'connection' => 'close',
  'host' => '127.0.0.15',
)
[ info ] [ PARAM ] array (
  '/home/v1_one/change' => '',
)
[ info ] [ LOG ] INIT File
---------------------------------------------------------------
[ 2018-01-29T11:06:07+08:00 ] 127.0.0.15 127.0.0.1 GET /home/v1.one/change
[ info ] 127.0.0.15/home/v1.one/change [运行时间：0.048762s][吞吐率：20.51req/s] [内存消耗：1,340.38kb] [文件加载：43]
[ info ] [ LANG ] E:\alphaCMS\thinkphp\lang\zh-cn.php
[ info ] [ ROUTE ] array (
  'type' => 'module',
  'module' => 
  array (
    0 => 'home',
    1 => 'v1.one',
    2 => 'change',
  ),
)
[ info ] [ HEADER ] array (
  'cookie' => 'UID=YqpQv',
  'accept-language' => 'zh-CN,zh;q=0.9',
  'accept-encoding' => 'gzip, deflate, br',
  'accept' => 'text/html,application/xhtml+xml,application/xml;q=0.9,image/webp,image/apng,*/*;q=0.8',
  'upgrade-insecure-requests' => '1',
  'user-agent' => 'Mozilla/5.0 (Windows NT 10.0; Win64; x64) AppleWebKit/537.36 (KHTML, like Gecko) Chrome/63.0.3239.132 Safari/537.36',
  'cache-control' => 'max-age=0',
  'connection' => 'close',
  'host' => '127.0.0.15',
)
[ info ] [ PARAM ] array (
  '/home/v1_one/change' => '',
)
[ info ] [ LOG ] INIT File
---------------------------------------------------------------
[ 2018-01-29T11:06:08+08:00 ] 127.0.0.15 127.0.0.1 GET /home/v1.one/change
[ info ] 127.0.0.15/home/v1.one/change [运行时间：0.039367s][吞吐率：25.40req/s] [内存消耗：1,340.38kb] [文件加载：43]
[ info ] [ LANG ] E:\alphaCMS\thinkphp\lang\zh-cn.php
[ info ] [ ROUTE ] array (
  'type' => 'module',
  'module' => 
  array (
    0 => 'home',
    1 => 'v1.one',
    2 => 'change',
  ),
)
[ info ] [ HEADER ] array (
  'cookie' => 'UID=YqpQv',
  'accept-language' => 'zh-CN,zh;q=0.9',
  'accept-encoding' => 'gzip, deflate, br',
  'accept' => 'text/html,application/xhtml+xml,application/xml;q=0.9,image/webp,image/apng,*/*;q=0.8',
  'upgrade-insecure-requests' => '1',
  'user-agent' => 'Mozilla/5.0 (Windows NT 10.0; Win64; x64) AppleWebKit/537.36 (KHTML, like Gecko) Chrome/63.0.3239.132 Safari/537.36',
  'cache-control' => 'max-age=0',
  'connection' => 'close',
  'host' => '127.0.0.15',
)
[ info ] [ PARAM ] array (
  '/home/v1_one/change' => '',
)
[ info ] [ LOG ] INIT File
---------------------------------------------------------------
[ 2018-01-29T11:06:08+08:00 ] 127.0.0.15 127.0.0.1 GET /home/v1.one/change
[ info ] 127.0.0.15/home/v1.one/change [运行时间：0.040382s][吞吐率：24.76req/s] [内存消耗：1,340.38kb] [文件加载：43]
[ info ] [ LANG ] E:\alphaCMS\thinkphp\lang\zh-cn.php
[ info ] [ ROUTE ] array (
  'type' => 'module',
  'module' => 
  array (
    0 => 'home',
    1 => 'v1.one',
    2 => 'change',
  ),
)
[ info ] [ HEADER ] array (
  'cookie' => 'UID=YqpQv',
  'accept-language' => 'zh-CN,zh;q=0.9',
  'accept-encoding' => 'gzip, deflate, br',
  'accept' => 'text/html,application/xhtml+xml,application/xml;q=0.9,image/webp,image/apng,*/*;q=0.8',
  'upgrade-insecure-requests' => '1',
  'user-agent' => 'Mozilla/5.0 (Windows NT 10.0; Win64; x64) AppleWebKit/537.36 (KHTML, like Gecko) Chrome/63.0.3239.132 Safari/537.36',
  'cache-control' => 'max-age=0',
  'connection' => 'close',
  'host' => '127.0.0.15',
)
[ info ] [ PARAM ] array (
  '/home/v1_one/change' => '',
)
[ info ] [ LOG ] INIT File
---------------------------------------------------------------
[ 2018-01-29T11:06:08+08:00 ] 127.0.0.15 127.0.0.1 GET /home/v1.one/change
[ info ] 127.0.0.15/home/v1.one/change [运行时间：0.037675s][吞吐率：26.54req/s] [内存消耗：1,340.38kb] [文件加载：43]
[ info ] [ LANG ] E:\alphaCMS\thinkphp\lang\zh-cn.php
[ info ] [ ROUTE ] array (
  'type' => 'module',
  'module' => 
  array (
    0 => 'home',
    1 => 'v1.one',
    2 => 'change',
  ),
)
[ info ] [ HEADER ] array (
  'cookie' => 'UID=YqpQv',
  'accept-language' => 'zh-CN,zh;q=0.9',
  'accept-encoding' => 'gzip, deflate, br',
  'accept' => 'text/html,application/xhtml+xml,application/xml;q=0.9,image/webp,image/apng,*/*;q=0.8',
  'upgrade-insecure-requests' => '1',
  'user-agent' => 'Mozilla/5.0 (Windows NT 10.0; Win64; x64) AppleWebKit/537.36 (KHTML, like Gecko) Chrome/63.0.3239.132 Safari/537.36',
  'cache-control' => 'max-age=0',
  'connection' => 'close',
  'host' => '127.0.0.15',
)
[ info ] [ PARAM ] array (
  '/home/v1_one/change' => '',
)
[ info ] [ LOG ] INIT File
---------------------------------------------------------------
[ 2018-01-29T11:06:08+08:00 ] 127.0.0.15 127.0.0.1 GET /home/v1.one/change
[ info ] 127.0.0.15/home/v1.one/change [运行时间：0.035715s][吞吐率：28.00req/s] [内存消耗：1,340.38kb] [文件加载：43]
[ info ] [ LANG ] E:\alphaCMS\thinkphp\lang\zh-cn.php
[ info ] [ ROUTE ] array (
  'type' => 'module',
  'module' => 
  array (
    0 => 'home',
    1 => 'v1.one',
    2 => 'change',
  ),
)
[ info ] [ HEADER ] array (
  'cookie' => 'UID=YqpQv',
  'accept-language' => 'zh-CN,zh;q=0.9',
  'accept-encoding' => 'gzip, deflate, br',
  'accept' => 'text/html,application/xhtml+xml,application/xml;q=0.9,image/webp,image/apng,*/*;q=0.8',
  'upgrade-insecure-requests' => '1',
  'user-agent' => 'Mozilla/5.0 (Windows NT 10.0; Win64; x64) AppleWebKit/537.36 (KHTML, like Gecko) Chrome/63.0.3239.132 Safari/537.36',
  'cache-control' => 'max-age=0',
  'connection' => 'close',
  'host' => '127.0.0.15',
)
[ info ] [ PARAM ] array (
  '/home/v1_one/change' => '',
)
[ info ] [ LOG ] INIT File
---------------------------------------------------------------
[ 2018-01-29T11:06:08+08:00 ] 127.0.0.15 127.0.0.1 GET /home/v1.one/change
[ info ] 127.0.0.15/home/v1.one/change [运行时间：0.044727s][吞吐率：22.36req/s] [内存消耗：1,340.38kb] [文件加载：43]
[ info ] [ LANG ] E:\alphaCMS\thinkphp\lang\zh-cn.php
[ info ] [ ROUTE ] array (
  'type' => 'module',
  'module' => 
  array (
    0 => 'home',
    1 => 'v1.one',
    2 => 'change',
  ),
)
[ info ] [ HEADER ] array (
  'cookie' => 'UID=YqpQv',
  'accept-language' => 'zh-CN,zh;q=0.9',
  'accept-encoding' => 'gzip, deflate, br',
  'accept' => 'text/html,application/xhtml+xml,application/xml;q=0.9,image/webp,image/apng,*/*;q=0.8',
  'upgrade-insecure-requests' => '1',
  'user-agent' => 'Mozilla/5.0 (Windows NT 10.0; Win64; x64) AppleWebKit/537.36 (KHTML, like Gecko) Chrome/63.0.3239.132 Safari/537.36',
  'cache-control' => 'max-age=0',
  'connection' => 'close',
  'host' => '127.0.0.15',
)
[ info ] [ PARAM ] array (
  '/home/v1_one/change' => '',
)
[ info ] [ LOG ] INIT File
---------------------------------------------------------------
[ 2018-01-29T11:06:09+08:00 ] 127.0.0.15 127.0.0.1 GET /home/v1.one/change
[ info ] 127.0.0.15/home/v1.one/change [运行时间：0.026867s][吞吐率：37.22req/s] [内存消耗：1,340.38kb] [文件加载：43]
[ info ] [ LANG ] E:\alphaCMS\thinkphp\lang\zh-cn.php
[ info ] [ ROUTE ] array (
  'type' => 'module',
  'module' => 
  array (
    0 => 'home',
    1 => 'v1.one',
    2 => 'change',
  ),
)
[ info ] [ HEADER ] array (
  'cookie' => 'UID=YqpQv',
  'accept-language' => 'zh-CN,zh;q=0.9',
  'accept-encoding' => 'gzip, deflate, br',
  'accept' => 'text/html,application/xhtml+xml,application/xml;q=0.9,image/webp,image/apng,*/*;q=0.8',
  'upgrade-insecure-requests' => '1',
  'user-agent' => 'Mozilla/5.0 (Windows NT 10.0; Win64; x64) AppleWebKit/537.36 (KHTML, like Gecko) Chrome/63.0.3239.132 Safari/537.36',
  'cache-control' => 'max-age=0',
  'connection' => 'close',
  'host' => '127.0.0.15',
)
[ info ] [ PARAM ] array (
  '/home/v1_one/change' => '',
)
[ info ] [ LOG ] INIT File
---------------------------------------------------------------
[ 2018-01-29T11:06:09+08:00 ] 127.0.0.15 127.0.0.1 GET /home/v1.one/change
[ info ] 127.0.0.15/home/v1.one/change [运行时间：0.036614s][吞吐率：27.31req/s] [内存消耗：1,340.38kb] [文件加载：43]
[ info ] [ LANG ] E:\alphaCMS\thinkphp\lang\zh-cn.php
[ info ] [ ROUTE ] array (
  'type' => 'module',
  'module' => 
  array (
    0 => 'home',
    1 => 'v1.one',
    2 => 'change',
  ),
)
[ info ] [ HEADER ] array (
  'cookie' => 'UID=YqpQv',
  'accept-language' => 'zh-CN,zh;q=0.9',
  'accept-encoding' => 'gzip, deflate, br',
  'accept' => 'text/html,application/xhtml+xml,application/xml;q=0.9,image/webp,image/apng,*/*;q=0.8',
  'upgrade-insecure-requests' => '1',
  'user-agent' => 'Mozilla/5.0 (Windows NT 10.0; Win64; x64) AppleWebKit/537.36 (KHTML, like Gecko) Chrome/63.0.3239.132 Safari/537.36',
  'cache-control' => 'max-age=0',
  'connection' => 'close',
  'host' => '127.0.0.15',
)
[ info ] [ PARAM ] array (
  '/home/v1_one/change' => '',
)
[ info ] [ LOG ] INIT File
---------------------------------------------------------------
[ 2018-01-29T11:06:09+08:00 ] 127.0.0.15 127.0.0.1 GET /home/v1.one/change
[ info ] 127.0.0.15/home/v1.one/change [运行时间：0.051773s][吞吐率：19.32req/s] [内存消耗：1,340.38kb] [文件加载：43]
[ info ] [ LANG ] E:\alphaCMS\thinkphp\lang\zh-cn.php
[ info ] [ ROUTE ] array (
  'type' => 'module',
  'module' => 
  array (
    0 => 'home',
    1 => 'v1.one',
    2 => 'change',
  ),
)
[ info ] [ HEADER ] array (
  'cookie' => 'UID=YqpQv',
  'accept-language' => 'zh-CN,zh;q=0.9',
  'accept-encoding' => 'gzip, deflate, br',
  'accept' => 'text/html,application/xhtml+xml,application/xml;q=0.9,image/webp,image/apng,*/*;q=0.8',
  'upgrade-insecure-requests' => '1',
  'user-agent' => 'Mozilla/5.0 (Windows NT 10.0; Win64; x64) AppleWebKit/537.36 (KHTML, like Gecko) Chrome/63.0.3239.132 Safari/537.36',
  'cache-control' => 'max-age=0',
  'connection' => 'close',
  'host' => '127.0.0.15',
)
[ info ] [ PARAM ] array (
  '/home/v1_one/change' => '',
)
[ info ] [ LOG ] INIT File
---------------------------------------------------------------
[ 2018-01-29T11:06:09+08:00 ] 127.0.0.15 127.0.0.1 GET /home/v1.one/change
[ info ] 127.0.0.15/home/v1.one/change [运行时间：0.022207s][吞吐率：45.03req/s] [内存消耗：1,340.38kb] [文件加载：43]
[ info ] [ LANG ] E:\alphaCMS\thinkphp\lang\zh-cn.php
[ info ] [ ROUTE ] array (
  'type' => 'module',
  'module' => 
  array (
    0 => 'home',
    1 => 'v1.one',
    2 => 'change',
  ),
)
[ info ] [ HEADER ] array (
  'cookie' => 'UID=YqpQv',
  'accept-language' => 'zh-CN,zh;q=0.9',
  'accept-encoding' => 'gzip, deflate, br',
  'accept' => 'text/html,application/xhtml+xml,application/xml;q=0.9,image/webp,image/apng,*/*;q=0.8',
  'upgrade-insecure-requests' => '1',
  'user-agent' => 'Mozilla/5.0 (Windows NT 10.0; Win64; x64) AppleWebKit/537.36 (KHTML, like Gecko) Chrome/63.0.3239.132 Safari/537.36',
  'cache-control' => 'max-age=0',
  'connection' => 'close',
  'host' => '127.0.0.15',
)
[ info ] [ PARAM ] array (
  '/home/v1_one/change' => '',
)
[ info ] [ LOG ] INIT File
---------------------------------------------------------------
[ 2018-01-29T11:06:09+08:00 ] 127.0.0.15 127.0.0.1 GET /home/v1.one/change
[ info ] 127.0.0.15/home/v1.one/change [运行时间：0.022554s][吞吐率：44.34req/s] [内存消耗：1,340.38kb] [文件加载：43]
[ info ] [ LANG ] E:\alphaCMS\thinkphp\lang\zh-cn.php
[ info ] [ ROUTE ] array (
  'type' => 'module',
  'module' => 
  array (
    0 => 'home',
    1 => 'v1.one',
    2 => 'change',
  ),
)
[ info ] [ HEADER ] array (
  'cookie' => 'UID=YqpQv',
  'accept-language' => 'zh-CN,zh;q=0.9',
  'accept-encoding' => 'gzip, deflate, br',
  'accept' => 'text/html,application/xhtml+xml,application/xml;q=0.9,image/webp,image/apng,*/*;q=0.8',
  'upgrade-insecure-requests' => '1',
  'user-agent' => 'Mozilla/5.0 (Windows NT 10.0; Win64; x64) AppleWebKit/537.36 (KHTML, like Gecko) Chrome/63.0.3239.132 Safari/537.36',
  'cache-control' => 'max-age=0',
  'connection' => 'close',
  'host' => '127.0.0.15',
)
[ info ] [ PARAM ] array (
  '/home/v1_one/change' => '',
)
[ info ] [ LOG ] INIT File
---------------------------------------------------------------
[ 2018-01-29T11:06:10+08:00 ] 127.0.0.15 127.0.0.1 GET /home/v1.one/change
[ info ] 127.0.0.15/home/v1.one/change [运行时间：0.040285s][吞吐率：24.82req/s] [内存消耗：1,340.38kb] [文件加载：43]
[ info ] [ LANG ] E:\alphaCMS\thinkphp\lang\zh-cn.php
[ info ] [ ROUTE ] array (
  'type' => 'module',
  'module' => 
  array (
    0 => 'home',
    1 => 'v1.one',
    2 => 'change',
  ),
)
[ info ] [ HEADER ] array (
  'cookie' => 'UID=YqpQv',
  'accept-language' => 'zh-CN,zh;q=0.9',
  'accept-encoding' => 'gzip, deflate, br',
  'accept' => 'text/html,application/xhtml+xml,application/xml;q=0.9,image/webp,image/apng,*/*;q=0.8',
  'upgrade-insecure-requests' => '1',
  'user-agent' => 'Mozilla/5.0 (Windows NT 10.0; Win64; x64) AppleWebKit/537.36 (KHTML, like Gecko) Chrome/63.0.3239.132 Safari/537.36',
  'cache-control' => 'max-age=0',
  'connection' => 'close',
  'host' => '127.0.0.15',
)
[ info ] [ PARAM ] array (
  '/home/v1_one/change' => '',
)
[ info ] [ LOG ] INIT File
---------------------------------------------------------------
[ 2018-01-29T11:06:10+08:00 ] 127.0.0.15 127.0.0.1 GET /home/v1.one/change
[ info ] 127.0.0.15/home/v1.one/change [运行时间：0.037969s][吞吐率：26.34req/s] [内存消耗：1,340.38kb] [文件加载：43]
[ info ] [ LANG ] E:\alphaCMS\thinkphp\lang\zh-cn.php
[ info ] [ ROUTE ] array (
  'type' => 'module',
  'module' => 
  array (
    0 => 'home',
    1 => 'v1.one',
    2 => 'change',
  ),
)
[ info ] [ HEADER ] array (
  'cookie' => 'UID=YqpQv',
  'accept-language' => 'zh-CN,zh;q=0.9',
  'accept-encoding' => 'gzip, deflate, br',
  'accept' => 'text/html,application/xhtml+xml,application/xml;q=0.9,image/webp,image/apng,*/*;q=0.8',
  'upgrade-insecure-requests' => '1',
  'user-agent' => 'Mozilla/5.0 (Windows NT 10.0; Win64; x64) AppleWebKit/537.36 (KHTML, like Gecko) Chrome/63.0.3239.132 Safari/537.36',
  'cache-control' => 'max-age=0',
  'connection' => 'close',
  'host' => '127.0.0.15',
)
[ info ] [ PARAM ] array (
  '/home/v1_one/change' => '',
)
[ info ] [ LOG ] INIT File
---------------------------------------------------------------
[ 2018-01-29T11:06:10+08:00 ] 127.0.0.15 127.0.0.1 GET /home/v1.one/change
[ info ] 127.0.0.15/home/v1.one/change [运行时间：0.039295s][吞吐率：25.45req/s] [内存消耗：1,340.38kb] [文件加载：43]
[ info ] [ LANG ] E:\alphaCMS\thinkphp\lang\zh-cn.php
[ info ] [ ROUTE ] array (
  'type' => 'module',
  'module' => 
  array (
    0 => 'home',
    1 => 'v1.one',
    2 => 'change',
  ),
)
[ info ] [ HEADER ] array (
  'cookie' => 'UID=YqpQv',
  'accept-language' => 'zh-CN,zh;q=0.9',
  'accept-encoding' => 'gzip, deflate, br',
  'accept' => 'text/html,application/xhtml+xml,application/xml;q=0.9,image/webp,image/apng,*/*;q=0.8',
  'upgrade-insecure-requests' => '1',
  'user-agent' => 'Mozilla/5.0 (Windows NT 10.0; Win64; x64) AppleWebKit/537.36 (KHTML, like Gecko) Chrome/63.0.3239.132 Safari/537.36',
  'cache-control' => 'max-age=0',
  'connection' => 'close',
  'host' => '127.0.0.15',
)
[ info ] [ PARAM ] array (
  '/home/v1_one/change' => '',
)
[ info ] [ LOG ] INIT File
---------------------------------------------------------------
[ 2018-01-29T11:06:10+08:00 ] 127.0.0.15 127.0.0.1 GET /home/v1.one/change
[ info ] 127.0.0.15/home/v1.one/change [运行时间：0.043170s][吞吐率：23.16req/s] [内存消耗：1,340.38kb] [文件加载：43]
[ info ] [ LANG ] E:\alphaCMS\thinkphp\lang\zh-cn.php
[ info ] [ ROUTE ] array (
  'type' => 'module',
  'module' => 
  array (
    0 => 'home',
    1 => 'v1.one',
    2 => 'change',
  ),
)
[ info ] [ HEADER ] array (
  'cookie' => 'UID=YqpQv',
  'accept-language' => 'zh-CN,zh;q=0.9',
  'accept-encoding' => 'gzip, deflate, br',
  'accept' => 'text/html,application/xhtml+xml,application/xml;q=0.9,image/webp,image/apng,*/*;q=0.8',
  'upgrade-insecure-requests' => '1',
  'user-agent' => 'Mozilla/5.0 (Windows NT 10.0; Win64; x64) AppleWebKit/537.36 (KHTML, like Gecko) Chrome/63.0.3239.132 Safari/537.36',
  'cache-control' => 'max-age=0',
  'connection' => 'close',
  'host' => '127.0.0.15',
)
[ info ] [ PARAM ] array (
  '/home/v1_one/change' => '',
)
[ info ] [ LOG ] INIT File
---------------------------------------------------------------
[ 2018-01-29T11:06:10+08:00 ] 127.0.0.15 127.0.0.1 GET /home/v1.one/change
[ info ] 127.0.0.15/home/v1.one/change [运行时间：0.038162s][吞吐率：26.20req/s] [内存消耗：1,340.38kb] [文件加载：43]
[ info ] [ LANG ] E:\alphaCMS\thinkphp\lang\zh-cn.php
[ info ] [ ROUTE ] array (
  'type' => 'module',
  'module' => 
  array (
    0 => 'home',
    1 => 'v1.one',
    2 => 'change',
  ),
)
[ info ] [ HEADER ] array (
  'cookie' => 'UID=YqpQv',
  'accept-language' => 'zh-CN,zh;q=0.9',
  'accept-encoding' => 'gzip, deflate, br',
  'accept' => 'text/html,application/xhtml+xml,application/xml;q=0.9,image/webp,image/apng,*/*;q=0.8',
  'upgrade-insecure-requests' => '1',
  'user-agent' => 'Mozilla/5.0 (Windows NT 10.0; Win64; x64) AppleWebKit/537.36 (KHTML, like Gecko) Chrome/63.0.3239.132 Safari/537.36',
  'cache-control' => 'max-age=0',
  'connection' => 'close',
  'host' => '127.0.0.15',
)
[ info ] [ PARAM ] array (
  '/home/v1_one/change' => '',
)
[ info ] [ LOG ] INIT File
---------------------------------------------------------------
[ 2018-01-29T11:06:11+08:00 ] 127.0.0.15 127.0.0.1 GET /home/v1.one/change
[ info ] 127.0.0.15/home/v1.one/change [运行时间：0.039003s][吞吐率：25.64req/s] [内存消耗：1,340.38kb] [文件加载：43]
[ info ] [ LANG ] E:\alphaCMS\thinkphp\lang\zh-cn.php
[ info ] [ ROUTE ] array (
  'type' => 'module',
  'module' => 
  array (
    0 => 'home',
    1 => 'v1.one',
    2 => 'change',
  ),
)
[ info ] [ HEADER ] array (
  'cookie' => 'UID=YqpQv',
  'accept-language' => 'zh-CN,zh;q=0.9',
  'accept-encoding' => 'gzip, deflate, br',
  'accept' => 'text/html,application/xhtml+xml,application/xml;q=0.9,image/webp,image/apng,*/*;q=0.8',
  'upgrade-insecure-requests' => '1',
  'user-agent' => 'Mozilla/5.0 (Windows NT 10.0; Win64; x64) AppleWebKit/537.36 (KHTML, like Gecko) Chrome/63.0.3239.132 Safari/537.36',
  'cache-control' => 'max-age=0',
  'connection' => 'close',
  'host' => '127.0.0.15',
)
[ info ] [ PARAM ] array (
  '/home/v1_one/change' => '',
)
[ info ] [ LOG ] INIT File
---------------------------------------------------------------
[ 2018-01-29T11:06:11+08:00 ] 127.0.0.15 127.0.0.1 GET /home/v1.one/change
[ info ] 127.0.0.15/home/v1.one/change [运行时间：0.042223s][吞吐率：23.68req/s] [内存消耗：1,340.38kb] [文件加载：43]
[ info ] [ LANG ] E:\alphaCMS\thinkphp\lang\zh-cn.php
[ info ] [ ROUTE ] array (
  'type' => 'module',
  'module' => 
  array (
    0 => 'home',
    1 => 'v1.one',
    2 => 'change',
  ),
)
[ info ] [ HEADER ] array (
  'cookie' => 'UID=YqpQv',
  'accept-language' => 'zh-CN,zh;q=0.9',
  'accept-encoding' => 'gzip, deflate, br',
  'accept' => 'text/html,application/xhtml+xml,application/xml;q=0.9,image/webp,image/apng,*/*;q=0.8',
  'upgrade-insecure-requests' => '1',
  'user-agent' => 'Mozilla/5.0 (Windows NT 10.0; Win64; x64) AppleWebKit/537.36 (KHTML, like Gecko) Chrome/63.0.3239.132 Safari/537.36',
  'cache-control' => 'max-age=0',
  'connection' => 'close',
  'host' => '127.0.0.15',
)
[ info ] [ PARAM ] array (
  '/home/v1_one/change' => '',
)
[ info ] [ LOG ] INIT File
---------------------------------------------------------------
[ 2018-01-29T11:06:11+08:00 ] 127.0.0.15 127.0.0.1 GET /home/v1.one/change
[ info ] 127.0.0.15/home/v1.one/change [运行时间：0.041248s][吞吐率：24.24req/s] [内存消耗：1,340.38kb] [文件加载：43]
[ info ] [ LANG ] E:\alphaCMS\thinkphp\lang\zh-cn.php
[ info ] [ ROUTE ] array (
  'type' => 'module',
  'module' => 
  array (
    0 => 'home',
    1 => 'v1.one',
    2 => 'change',
  ),
)
[ info ] [ HEADER ] array (
  'cookie' => 'UID=YqpQv',
  'accept-language' => 'zh-CN,zh;q=0.9',
  'accept-encoding' => 'gzip, deflate, br',
  'accept' => 'text/html,application/xhtml+xml,application/xml;q=0.9,image/webp,image/apng,*/*;q=0.8',
  'upgrade-insecure-requests' => '1',
  'user-agent' => 'Mozilla/5.0 (Windows NT 10.0; Win64; x64) AppleWebKit/537.36 (KHTML, like Gecko) Chrome/63.0.3239.132 Safari/537.36',
  'cache-control' => 'max-age=0',
  'connection' => 'close',
  'host' => '127.0.0.15',
)
[ info ] [ PARAM ] array (
  '/home/v1_one/change' => '',
)
[ info ] [ LOG ] INIT File
---------------------------------------------------------------
[ 2018-01-29T11:06:11+08:00 ] 127.0.0.15 127.0.0.1 GET /home/v1.one/change
[ info ] 127.0.0.15/home/v1.one/change [运行时间：0.035647s][吞吐率：28.05req/s] [内存消耗：1,340.38kb] [文件加载：43]
[ info ] [ LANG ] E:\alphaCMS\thinkphp\lang\zh-cn.php
[ info ] [ ROUTE ] array (
  'type' => 'module',
  'module' => 
  array (
    0 => 'home',
    1 => 'v1.one',
    2 => 'change',
  ),
)
[ info ] [ HEADER ] array (
  'cookie' => 'UID=YqpQv',
  'accept-language' => 'zh-CN,zh;q=0.9',
  'accept-encoding' => 'gzip, deflate, br',
  'accept' => 'text/html,application/xhtml+xml,application/xml;q=0.9,image/webp,image/apng,*/*;q=0.8',
  'upgrade-insecure-requests' => '1',
  'user-agent' => 'Mozilla/5.0 (Windows NT 10.0; Win64; x64) AppleWebKit/537.36 (KHTML, like Gecko) Chrome/63.0.3239.132 Safari/537.36',
  'cache-control' => 'max-age=0',
  'connection' => 'close',
  'host' => '127.0.0.15',
)
[ info ] [ PARAM ] array (
  '/home/v1_one/change' => '',
)
[ info ] [ LOG ] INIT File
